Using pre-set license
Built from '2022.1/staging' branch; Version is '2022.1.2f1 (9427c1534183) revision 9709505'; Using compiler version '192829333'; Build Type 'Release'
OS: 'Windows 10  (10.0.19044) 64bit IoTEnterpriseS' Language: 'en' Physical Memory: 32677 MB
BatchMode: 1, IsHumanControllingUs: 0, StartBugReporterOnCrash: 0, Is64bit: 1, IsPro: 1

COMMAND LINE ARGUMENTS:
C:\Program Files\Unity\Hub\Editor\2022.1.2f1\Editor\Unity.exe
-adb2
-batchMode
-noUpm
-name
AssetImportWorker0
-projectPath
D:/Unity projects/Ai-Coder-Simulator
-logFile
Logs/AssetImportWorker0.log
-srvPort
57804
Successfully changed project path to: D:/Unity projects/Ai-Coder-Simulator
D:/Unity projects/Ai-Coder-Simulator
[UnityMemory] Configuration Parameters - Can be set up in boot.config
    "memorysetup-bucket-allocator-granularity=16"
    "memorysetup-bucket-allocator-bucket-count=8"
    "memorysetup-bucket-allocator-block-size=33554432"
    "memorysetup-bucket-allocator-block-count=8"
    "memorysetup-main-allocator-block-size=16777216"
    "memorysetup-thread-allocator-block-size=16777216"
    "memorysetup-gfx-main-allocator-block-size=16777216"
    "memorysetup-gfx-thread-allocator-block-size=16777216"
    "memorysetup-cache-allocator-block-size=4194304"
    "memorysetup-typetree-allocator-block-size=2097152"
    "memorysetup-profiler-bucket-allocator-granularity=16"
    "memorysetup-profiler-bucket-allocator-bucket-count=8"
    "memorysetup-profiler-bucket-allocator-block-size=33554432"
    "memorysetup-profiler-bucket-allocator-block-count=8"
    "memorysetup-profiler-allocator-block-size=16777216"
    "memorysetup-profiler-editor-allocator-block-size=1048576"
    "memorysetup-temp-allocator-size-main=16777216"
    "memorysetup-job-temp-allocator-block-size=2097152"
    "memorysetup-job-temp-allocator-block-size-background=1048576"
    "memorysetup-job-temp-allocator-reduction-small-platforms=262144"
    "memorysetup-temp-allocator-size-background-worker=32768"
    "memorysetup-temp-allocator-size-job-worker=262144"
    "memorysetup-temp-allocator-size-preload-manager=33554432"
    "memorysetup-temp-allocator-size-nav-mesh-worker=65536"
    "memorysetup-temp-allocator-size-audio-worker=65536"
    "memorysetup-temp-allocator-size-cloud-worker=32768"
    "memorysetup-temp-allocator-size-gi-baking-worker=262144"
    "memorysetup-temp-allocator-size-gfx=262144"
Refreshing native plugins compatible for Editor in 44.01 ms, found 2 plugins.
Preloading 0 native plugins for Editor in 0.00 ms.
Initialize engine version: 2022.1.2f1 (9427c1534183)
[Subsystems] Discovering subsystems at path C:/Program Files/Unity/Hub/Editor/2022.1.2f1/Editor/Data/Resources/UnitySubsystems
[Subsystems] Discovering subsystems at path D:/Unity projects/Ai-Coder-Simulator/Assets
GfxDevice: creating device client; threaded=0; jobified=0
Direct3D:
    Version:  Direct3D 11.0 [level 11.1]
    Renderer: AMD Radeon VII (ID=0x66af)
    Vendor:   ATI
    VRAM:     16311 MB
    Driver:   30.0.21017.1000
Initialize mono
Mono path[0] = 'C:/Program Files/Unity/Hub/Editor/2022.1.2f1/Editor/Data/Managed'
Mono path[1] = 'C:/Program Files/Unity/Hub/Editor/2022.1.2f1/Editor/Data/MonoBleedingEdge/lib/mono/unityjit-win32'
Mono config path = 'C:/Program Files/Unity/Hub/Editor/2022.1.2f1/Editor/Data/MonoBleedingEdge/etc'
Using monoOptions --debugger-agent=transport=dt_socket,embedding=1,server=y,suspend=n,address=127.0.0.1:56260
Begin MonoManager ReloadAssembly
Registering precompiled unity dll's ...
Register platform support module: C:/Program Files/Unity/Hub/Editor/2022.1.2f1/Editor/Data/PlaybackEngines/WindowsStandaloneSupport/UnityEditor.WindowsStandalone.Extensions.dll
Registered in 0.003615 seconds.
Native extension for WindowsStandalone target not found
Refreshing native plugins compatible for Editor in 41.53 ms, found 2 plugins.
Preloading 0 native plugins for Editor in 0.00 ms.
Mono: successfully reloaded assembly
- Completed reload, in  0.431 seconds
Domain Reload Profiling:
	ReloadAssembly (431ms)
		BeginReloadAssembly (51ms)
			ExecutionOrderSort (0ms)
			DisableScriptedObjects (0ms)
			BackupInstance (0ms)
			ReleaseScriptingObjects (0ms)
			CreateAndSetChildDomain (1ms)
		EndReloadAssembly (305ms)
			LoadAssemblies (50ms)
			RebuildTransferFunctionScriptingTraits (0ms)
			SetupTypeCache (71ms)
				TypeCache.Initialize (70ms)
					TypeCache.ScanAssembly (69ms)
				ResolveRequiredComponents (0ms)
			ReleaseScriptCaches (0ms)
			RebuildScriptCaches (21ms)
			SetupLoadedEditorAssemblies (176ms)
				LogAssemblyErrors (0ms)
				InitializePlatformSupportModulesInManaged (5ms)
				SetLoadedEditorAssemblies (5ms)
				RefreshPlugins (42ms)
				BeforeProcessingInitializeOnLoad (1ms)
				ProcessInitializeOnLoadAttributes (94ms)
				ProcessInitializeOnLoadMethodAttributes (30ms)
				AfterProcessingInitializeOnLoad (0ms)
				EditorAssembliesLoaded (0ms)
			ExecutionOrderSort2 (0ms)
			AwakeInstancesAfterBackupRestoration (0ms)
Platform modules already initialized, skipping
Registering precompiled user dll's ...
Registered in 0.003852 seconds.
Begin MonoManager ReloadAssembly
Native extension for WindowsStandalone target not found
Refreshing native plugins compatible for Editor in 42.37 ms, found 2 plugins.
Preloading 0 native plugins for Editor in 0.00 ms.
Mono: successfully reloaded assembly
- Completed reload, in  0.835 seconds
Domain Reload Profiling:
	ReloadAssembly (835ms)
		BeginReloadAssembly (80ms)
			ExecutionOrderSort (0ms)
			DisableScriptedObjects (4ms)
			BackupInstance (0ms)
			ReleaseScriptingObjects (0ms)
			CreateAndSetChildDomain (14ms)
		EndReloadAssembly (679ms)
			LoadAssemblies (58ms)
			RebuildTransferFunctionScriptingTraits (0ms)
			SetupTypeCache (168ms)
				TypeCache.Initialize (158ms)
					TypeCache.ScanAssembly (156ms)
				ResolveRequiredComponents (9ms)
			ReleaseScriptCaches (0ms)
			RebuildScriptCaches (37ms)
			SetupLoadedEditorAssemblies (380ms)
				LogAssemblyErrors (0ms)
				InitializePlatformSupportModulesInManaged (3ms)
				SetLoadedEditorAssemblies (4ms)
				RefreshPlugins (42ms)
				BeforeProcessingInitializeOnLoad (59ms)
				ProcessInitializeOnLoadAttributes (209ms)
				ProcessInitializeOnLoadMethodAttributes (58ms)
				AfterProcessingInitializeOnLoad (4ms)
				EditorAssembliesLoaded (0ms)
			ExecutionOrderSort2 (0ms)
			AwakeInstancesAfterBackupRestoration (4ms)
Platform modules already initialized, skipping
========================================================================
Worker process is ready to serve import requests
Launched and connected shader compiler UnityShaderCompiler.exe after 0.03 seconds
Refreshing native plugins compatible for Editor in 0.55 ms, found 2 plugins.
Preloading 0 native plugins for Editor in 0.00 ms.
Unloading 4019 Unused Serialized files (Serialized files now loaded: 0)
Unloading 29 unused Assets / (348.9 KB). Loaded Objects now: 4484.
Memory consumption went from 0.65 GB to 0.65 GB.
Total: 2.662700 ms (FindLiveObjects: 0.212600 ms CreateObjectMapping: 0.096100 ms MarkObjects: 2.244000 ms  DeleteObjects: 0.109400 ms)

AssetImportParameters requested are different than current active one (requested -> active):
  custom:video-decoder-ogg-theora: a1e56fd34408186e4bbccfd4996cb3dc -> 
  custom:container-muxer-webm: aa71ff27fc2769a1b78a27578f13a17b -> 
  custom:container-demuxer-webm: 4f35f7cbe854078d1ac9338744f61a02 -> 
  custom:video-encoder-webm-vp8: eb34c28f22e8b96e1ab97ce403110664 -> 
  custom:audio-encoder-webm-vorbis: bf7c407c2cedff20999df2af8eb42d56 -> 
  custom:framework-win-MediaFoundation: 216162199b28c13a410421893ffa2e32 -> 
  custom:container-demuxer-ogg: 62fdf1f143b41e24485cea50d1cbac27 -> 
  custom:video-decoder-webm-vp8: 9c59270c3fd7afecdb556c50c9e8de78 -> 
  custom:audio-decoder-ogg-vorbis: bf7c407c2cedff20999df2af8eb42d56 -> 
========================================================================
Received Import Request.
  Time since last request: 10576.672592 seconds.
  path: Assets/Prefab/Core/AiPin.prefab
  artifactKey: Guid(4b8db92bfdcbe1847b068ac7f7951abf) Importer(815301076,1909f56bfc062723c751e8b465ee728b)
Start importing Assets/Prefab/Core/AiPin.prefab using Guid(4b8db92bfdcbe1847b068ac7f7951abf) Importer(815301076,1909f56bfc062723c751e8b465ee728b)  -> (artifact id: 'bd469b17d532765b1a1712779804708b') in 0.203540 seconds 
========================================================================
Received Import Request.
  Time since last request: 0.000016 seconds.
  path: Assets/Prefab/Core/Pin.prefab
  artifactKey: Guid(d278af14124ee12498f037d2e7322c91) Importer(815301076,1909f56bfc062723c751e8b465ee728b)
Start importing Assets/Prefab/Core/Pin.prefab using Guid(d278af14124ee12498f037d2e7322c91) Importer(815301076,1909f56bfc062723c751e8b465ee728b)  -> (artifact id: '8a3e1279a5dc1d8618e3d2b93ab154ff') in 0.014811 seconds 
========================================================================
Received Import Request.
  Time since last request: 133.496806 seconds.
  path: Assets/Prefab/Core/AiCore.prefab
  artifactKey: Guid(2af09fabaccd1384bbae2879a2a17138) Importer(815301076,1909f56bfc062723c751e8b465ee728b)
Start importing Assets/Prefab/Core/AiCore.prefab using Guid(2af09fabaccd1384bbae2879a2a17138) Importer(815301076,1909f56bfc062723c751e8b465ee728b)  -> (artifact id: 'ea95eff9b9599c27b7a0ff9dfa3032a0') in 0.011084 seconds 
========================================================================
Received Import Request.
  Time since last request: 1.178583 seconds.
  path: Assets/Prefab/Core/AiCore.prefab
  artifactKey: Guid(2af09fabaccd1384bbae2879a2a17138) Importer(815301076,1909f56bfc062723c751e8b465ee728b)
Start importing Assets/Prefab/Core/AiCore.prefab using Guid(2af09fabaccd1384bbae2879a2a17138) Importer(815301076,1909f56bfc062723c751e8b465ee728b)  -> (artifact id: 'aade82fc3875e8009e7e38ea31bdc7f9') in 0.009185 seconds 
========================================================================
Received Import Request.
  Time since last request: 6.056990 seconds.
  path: Assets/Prefab/Core/AiCore.prefab
  artifactKey: Guid(2af09fabaccd1384bbae2879a2a17138) Importer(815301076,1909f56bfc062723c751e8b465ee728b)
Start importing Assets/Prefab/Core/AiCore.prefab using Guid(2af09fabaccd1384bbae2879a2a17138) Importer(815301076,1909f56bfc062723c751e8b465ee728b)  -> (artifact id: '0d286dacf02ce1232a3ff59e8f6875ad') in 0.012321 seconds 
========================================================================
Received Import Request.
  Time since last request: 8.817844 seconds.
  path: Assets/Prefab/Core/AiCore.prefab
  artifactKey: Guid(2af09fabaccd1384bbae2879a2a17138) Importer(815301076,1909f56bfc062723c751e8b465ee728b)
Start importing Assets/Prefab/Core/AiCore.prefab using Guid(2af09fabaccd1384bbae2879a2a17138) Importer(815301076,1909f56bfc062723c751e8b465ee728b)  -> (artifact id: '419cb215f1212e214519e5e3cb39d837') in 0.009361 seconds 
========================================================================
Received Import Request.
  Time since last request: 3.959262 seconds.
  path: Assets/Prefab/Core/AiCore.prefab
  artifactKey: Guid(2af09fabaccd1384bbae2879a2a17138) Importer(815301076,1909f56bfc062723c751e8b465ee728b)
Start importing Assets/Prefab/Core/AiCore.prefab using Guid(2af09fabaccd1384bbae2879a2a17138) Importer(815301076,1909f56bfc062723c751e8b465ee728b)  -> (artifact id: 'fa77d08837a60498f3ab55571ed7d524') in 0.011122 seconds 
========================================================================
Received Import Request.
  Time since last request: 2.603835 seconds.
  path: Assets/Prefab/Core/AiCore.prefab
  artifactKey: Guid(2af09fabaccd1384bbae2879a2a17138) Importer(815301076,1909f56bfc062723c751e8b465ee728b)
Start importing Assets/Prefab/Core/AiCore.prefab using Guid(2af09fabaccd1384bbae2879a2a17138) Importer(815301076,1909f56bfc062723c751e8b465ee728b)  -> (artifact id: '311c391fcb0fd2aa49375574840bfcfe') in 0.010249 seconds 
========================================================================
Received Import Request.
  Time since last request: 18.716273 seconds.
  path: Assets/Prefab/Core/AiCore.prefab
  artifactKey: Guid(2af09fabaccd1384bbae2879a2a17138) Importer(815301076,1909f56bfc062723c751e8b465ee728b)
Start importing Assets/Prefab/Core/AiCore.prefab using Guid(2af09fabaccd1384bbae2879a2a17138) Importer(815301076,1909f56bfc062723c751e8b465ee728b)  -> (artifact id: '61a986e5625aebe2ce75edfb3be1dbca') in 0.002867 seconds 
========================================================================
Received Import Request.
  Time since last request: 10.302315 seconds.
  path: Assets/Prefab/Core/AiCore.prefab
  artifactKey: Guid(2af09fabaccd1384bbae2879a2a17138) Importer(815301076,1909f56bfc062723c751e8b465ee728b)
Start importing Assets/Prefab/Core/AiCore.prefab using Guid(2af09fabaccd1384bbae2879a2a17138) Importer(815301076,1909f56bfc062723c751e8b465ee728b)  -> (artifact id: '499efe89e12b64937cb0f53d3515a654') in 0.003204 seconds 
========================================================================
Received Import Request.
  Time since last request: 10.270355 seconds.
  path: Assets/Prefab/Core/AiCore.prefab
  artifactKey: Guid(2af09fabaccd1384bbae2879a2a17138) Importer(815301076,1909f56bfc062723c751e8b465ee728b)
Start importing Assets/Prefab/Core/AiCore.prefab using Guid(2af09fabaccd1384bbae2879a2a17138) Importer(815301076,1909f56bfc062723c751e8b465ee728b)  -> (artifact id: '8c091cb65efacf1f5c7e7d46d67f538c') in 0.002949 seconds 
========================================================================
Received Import Request.
  Time since last request: 6.243879 seconds.
  path: Assets/Prefab/Core/AiCore.prefab
  artifactKey: Guid(2af09fabaccd1384bbae2879a2a17138) Importer(815301076,1909f56bfc062723c751e8b465ee728b)
Start importing Assets/Prefab/Core/AiCore.prefab using Guid(2af09fabaccd1384bbae2879a2a17138) Importer(815301076,1909f56bfc062723c751e8b465ee728b)  -> (artifact id: 'fffbfdcd02d3fef3b3766822e63ef874') in 0.003072 seconds 
========================================================================
Received Import Request.
  Time since last request: 21.946396 seconds.
  path: Assets/Prefab/Core/AiCore.prefab
  artifactKey: Guid(2af09fabaccd1384bbae2879a2a17138) Importer(815301076,1909f56bfc062723c751e8b465ee728b)
Start importing Assets/Prefab/Core/AiCore.prefab using Guid(2af09fabaccd1384bbae2879a2a17138) Importer(815301076,1909f56bfc062723c751e8b465ee728b)  -> (artifact id: '406cdf65ef101e701158f2a838201fbb') in 0.002941 seconds 
========================================================================
Received Import Request.
  Time since last request: 3.884881 seconds.
  path: Assets/Prefab/Core/AiCore.prefab
  artifactKey: Guid(2af09fabaccd1384bbae2879a2a17138) Importer(815301076,1909f56bfc062723c751e8b465ee728b)
Start importing Assets/Prefab/Core/AiCore.prefab using Guid(2af09fabaccd1384bbae2879a2a17138) Importer(815301076,1909f56bfc062723c751e8b465ee728b)  -> (artifact id: 'b06846f6e0497a13374eaaccaff28d15') in 0.004110 seconds 
========================================================================
Received Import Request.
  Time since last request: 10.077418 seconds.
  path: Assets/Prefab/Core/AiCore.prefab
  artifactKey: Guid(2af09fabaccd1384bbae2879a2a17138) Importer(815301076,1909f56bfc062723c751e8b465ee728b)
Start importing Assets/Prefab/Core/AiCore.prefab using Guid(2af09fabaccd1384bbae2879a2a17138) Importer(815301076,1909f56bfc062723c751e8b465ee728b)  -> (artifact id: '07aa1965d6ff05aedf538d2897522dd7') in 0.003180 seconds 
========================================================================
Received Import Request.
  Time since last request: 3.020725 seconds.
  path: Assets/Prefab/Core/AiCore.prefab
  artifactKey: Guid(2af09fabaccd1384bbae2879a2a17138) Importer(815301076,1909f56bfc062723c751e8b465ee728b)
Start importing Assets/Prefab/Core/AiCore.prefab using Guid(2af09fabaccd1384bbae2879a2a17138) Importer(815301076,1909f56bfc062723c751e8b465ee728b)  -> (artifact id: '3f86f41a626d1e467f5b98787457246c') in 0.004024 seconds 
========================================================================
Received Import Request.
  Time since last request: 6.351655 seconds.
  path: Assets/Prefab/Core/AiCore.prefab
  artifactKey: Guid(2af09fabaccd1384bbae2879a2a17138) Importer(815301076,1909f56bfc062723c751e8b465ee728b)
Start importing Assets/Prefab/Core/AiCore.prefab using Guid(2af09fabaccd1384bbae2879a2a17138) Importer(815301076,1909f56bfc062723c751e8b465ee728b)  -> (artifact id: '31bf83e2a93e95654687470d231da1e2') in 0.004987 seconds 
========================================================================
Received Import Request.
  Time since last request: 8.918928 seconds.
  path: Assets/Prefab/Core/AiCore.prefab
  artifactKey: Guid(2af09fabaccd1384bbae2879a2a17138) Importer(815301076,1909f56bfc062723c751e8b465ee728b)
Start importing Assets/Prefab/Core/AiCore.prefab using Guid(2af09fabaccd1384bbae2879a2a17138) Importer(815301076,1909f56bfc062723c751e8b465ee728b)  -> (artifact id: 'b6d6d79ce905cc5c8807af1405074188') in 0.004168 seconds 
========================================================================
Received Import Request.
  Time since last request: 1.878653 seconds.
  path: Assets/Prefab/Core/AiCore.prefab
  artifactKey: Guid(2af09fabaccd1384bbae2879a2a17138) Importer(815301076,1909f56bfc062723c751e8b465ee728b)
Start importing Assets/Prefab/Core/AiCore.prefab using Guid(2af09fabaccd1384bbae2879a2a17138) Importer(815301076,1909f56bfc062723c751e8b465ee728b)  -> (artifact id: 'c758961cd69b983a2b5e035ab5cd2f79') in 0.003162 seconds 
========================================================================
Received Import Request.
  Time since last request: 1.200285 seconds.
  path: Assets/Prefab/Core/AiCore.prefab
  artifactKey: Guid(2af09fabaccd1384bbae2879a2a17138) Importer(815301076,1909f56bfc062723c751e8b465ee728b)
Start importing Assets/Prefab/Core/AiCore.prefab using Guid(2af09fabaccd1384bbae2879a2a17138) Importer(815301076,1909f56bfc062723c751e8b465ee728b)  -> (artifact id: 'ae9999dd1c42ee34a56823968757cf06') in 0.002979 seconds 
========================================================================
Received Import Request.
  Time since last request: 13.312272 seconds.
  path: Assets/Prefab/Core/AiCore.prefab
  artifactKey: Guid(2af09fabaccd1384bbae2879a2a17138) Importer(815301076,1909f56bfc062723c751e8b465ee728b)
Start importing Assets/Prefab/Core/AiCore.prefab using Guid(2af09fabaccd1384bbae2879a2a17138) Importer(815301076,1909f56bfc062723c751e8b465ee728b)  -> (artifact id: 'f9d457d90a0c586356be101849e8dcb6') in 0.004008 seconds 
========================================================================
Received Import Request.
  Time since last request: 4.223451 seconds.
  path: Assets/Prefab/Core/AiCore.prefab
  artifactKey: Guid(2af09fabaccd1384bbae2879a2a17138) Importer(815301076,1909f56bfc062723c751e8b465ee728b)
Start importing Assets/Prefab/Core/AiCore.prefab using Guid(2af09fabaccd1384bbae2879a2a17138) Importer(815301076,1909f56bfc062723c751e8b465ee728b)  -> (artifact id: '6124aed42b228a277f748dc13efcd7c6') in 0.003180 seconds 
========================================================================
Received Import Request.
  Time since last request: 11.062168 seconds.
  path: Assets/Prefab/Core/AiCore.prefab
  artifactKey: Guid(2af09fabaccd1384bbae2879a2a17138) Importer(815301076,1909f56bfc062723c751e8b465ee728b)
Start importing Assets/Prefab/Core/AiCore.prefab using Guid(2af09fabaccd1384bbae2879a2a17138) Importer(815301076,1909f56bfc062723c751e8b465ee728b)  -> (artifact id: '96ceaed89e69204a6271b4daa7668c89') in 0.004350 seconds 
========================================================================
Received Import Request.
  Time since last request: 6.092948 seconds.
  path: Assets/Prefab/Core/AiCore.prefab
  artifactKey: Guid(2af09fabaccd1384bbae2879a2a17138) Importer(815301076,1909f56bfc062723c751e8b465ee728b)
Start importing Assets/Prefab/Core/AiCore.prefab using Guid(2af09fabaccd1384bbae2879a2a17138) Importer(815301076,1909f56bfc062723c751e8b465ee728b)  -> (artifact id: 'c3079992ff7822eebcf6d0d9aee3dff4') in 0.003016 seconds 
========================================================================
Received Import Request.
  Time since last request: 2.864929 seconds.
  path: Assets/Prefab/Core/AiCore.prefab
  artifactKey: Guid(2af09fabaccd1384bbae2879a2a17138) Importer(815301076,1909f56bfc062723c751e8b465ee728b)
Start importing Assets/Prefab/Core/AiCore.prefab using Guid(2af09fabaccd1384bbae2879a2a17138) Importer(815301076,1909f56bfc062723c751e8b465ee728b)  -> (artifact id: '5dd49bf28a9d61aa165a316a8b7e7964') in 0.003117 seconds 
========================================================================
Received Import Request.
  Time since last request: 5.422910 seconds.
  path: Assets/Prefab/Core/AiCore.prefab
  artifactKey: Guid(2af09fabaccd1384bbae2879a2a17138) Importer(815301076,1909f56bfc062723c751e8b465ee728b)
Start importing Assets/Prefab/Core/AiCore.prefab using Guid(2af09fabaccd1384bbae2879a2a17138) Importer(815301076,1909f56bfc062723c751e8b465ee728b)  -> (artifact id: 'ab8e607ecc12e013d00a0ac6670a92b6') in 0.003142 seconds 
========================================================================
Received Import Request.
  Time since last request: 3.816802 seconds.
  path: Assets/Prefab/Core/AiCore.prefab
  artifactKey: Guid(2af09fabaccd1384bbae2879a2a17138) Importer(815301076,1909f56bfc062723c751e8b465ee728b)
Start importing Assets/Prefab/Core/AiCore.prefab using Guid(2af09fabaccd1384bbae2879a2a17138) Importer(815301076,1909f56bfc062723c751e8b465ee728b)  -> (artifact id: 'e429fb2999e958c3d52d0eab8ed196d6') in 0.003076 seconds 
========================================================================
Received Import Request.
  Time since last request: 2.412252 seconds.
  path: Assets/Prefab/Core/AiCore.prefab
  artifactKey: Guid(2af09fabaccd1384bbae2879a2a17138) Importer(815301076,1909f56bfc062723c751e8b465ee728b)
Start importing Assets/Prefab/Core/AiCore.prefab using Guid(2af09fabaccd1384bbae2879a2a17138) Importer(815301076,1909f56bfc062723c751e8b465ee728b)  -> (artifact id: '9dc085bd3e30c55f343892581b280fc3') in 0.003080 seconds 
========================================================================
Received Import Request.
  Time since last request: 2.409671 seconds.
  path: Assets/Prefab/Core/AiCore.prefab
  artifactKey: Guid(2af09fabaccd1384bbae2879a2a17138) Importer(815301076,1909f56bfc062723c751e8b465ee728b)
Start importing Assets/Prefab/Core/AiCore.prefab using Guid(2af09fabaccd1384bbae2879a2a17138) Importer(815301076,1909f56bfc062723c751e8b465ee728b)  -> (artifact id: 'f14da53cd9e13b39b6124163d2d90b98') in 0.003258 seconds 
========================================================================
Received Import Request.
  Time since last request: 3.015879 seconds.
  path: Assets/Prefab/Core/AiCore.prefab
  artifactKey: Guid(2af09fabaccd1384bbae2879a2a17138) Importer(815301076,1909f56bfc062723c751e8b465ee728b)
Start importing Assets/Prefab/Core/AiCore.prefab using Guid(2af09fabaccd1384bbae2879a2a17138) Importer(815301076,1909f56bfc062723c751e8b465ee728b)  -> (artifact id: 'bf5365ec7030a5dc325857a26184d46a') in 0.002959 seconds 
========================================================================
Received Import Request.
  Time since last request: 4.017530 seconds.
  path: Assets/Prefab/Core/AiCore.prefab
  artifactKey: Guid(2af09fabaccd1384bbae2879a2a17138) Importer(815301076,1909f56bfc062723c751e8b465ee728b)
Start importing Assets/Prefab/Core/AiCore.prefab using Guid(2af09fabaccd1384bbae2879a2a17138) Importer(815301076,1909f56bfc062723c751e8b465ee728b)  -> (artifact id: 'f0fda18e6c7769365617d76ff334aa0f') in 0.002918 seconds 
========================================================================
Received Import Request.
  Time since last request: 9.250581 seconds.
  path: Assets/Prefab/Core/AiCore.prefab
  artifactKey: Guid(2af09fabaccd1384bbae2879a2a17138) Importer(815301076,1909f56bfc062723c751e8b465ee728b)
Start importing Assets/Prefab/Core/AiCore.prefab using Guid(2af09fabaccd1384bbae2879a2a17138) Importer(815301076,1909f56bfc062723c751e8b465ee728b)  -> (artifact id: '566723f5bf29b1001f09e194d50eb6a1') in 0.026811 seconds 
========================================================================
Received Import Request.
  Time since last request: 3.011326 seconds.
  path: Assets/Prefab/Core/AiCore.prefab
  artifactKey: Guid(2af09fabaccd1384bbae2879a2a17138) Importer(815301076,1909f56bfc062723c751e8b465ee728b)
Start importing Assets/Prefab/Core/AiCore.prefab using Guid(2af09fabaccd1384bbae2879a2a17138) Importer(815301076,1909f56bfc062723c751e8b465ee728b)  -> (artifact id: 'd54072f2d49ee3193f6470b9a092b04a') in 0.014336 seconds 
========================================================================
Received Import Request.
  Time since last request: 2.407524 seconds.
  path: Assets/Prefab/Core/AiCore.prefab
  artifactKey: Guid(2af09fabaccd1384bbae2879a2a17138) Importer(815301076,1909f56bfc062723c751e8b465ee728b)
Start importing Assets/Prefab/Core/AiCore.prefab using Guid(2af09fabaccd1384bbae2879a2a17138) Importer(815301076,1909f56bfc062723c751e8b465ee728b)  -> (artifact id: '8360c0980d2dd5b5cf5c266eedb38033') in 0.015488 seconds 
========================================================================
Received Import Request.
  Time since last request: 5.663622 seconds.
  path: Assets/Prefab/Core/AiCore.prefab
  artifactKey: Guid(2af09fabaccd1384bbae2879a2a17138) Importer(815301076,1909f56bfc062723c751e8b465ee728b)
Start importing Assets/Prefab/Core/AiCore.prefab using Guid(2af09fabaccd1384bbae2879a2a17138) Importer(815301076,1909f56bfc062723c751e8b465ee728b)  -> (artifact id: '549b4eb43acd8fa631b3feb72642e8eb') in 0.014071 seconds 
========================================================================
Received Import Request.
  Time since last request: 2.788265 seconds.
  path: Assets/Prefab/Core/AiCore.prefab
  artifactKey: Guid(2af09fabaccd1384bbae2879a2a17138) Importer(815301076,1909f56bfc062723c751e8b465ee728b)
Start importing Assets/Prefab/Core/AiCore.prefab using Guid(2af09fabaccd1384bbae2879a2a17138) Importer(815301076,1909f56bfc062723c751e8b465ee728b)  -> (artifact id: '6dc9a09035ac6154316b693e6a9e7eaa') in 0.015842 seconds 
========================================================================
Received Import Request.
  Time since last request: 9.063055 seconds.
  path: Assets/Prefab/Core/AiCore.prefab
  artifactKey: Guid(2af09fabaccd1384bbae2879a2a17138) Importer(815301076,1909f56bfc062723c751e8b465ee728b)
Start importing Assets/Prefab/Core/AiCore.prefab using Guid(2af09fabaccd1384bbae2879a2a17138) Importer(815301076,1909f56bfc062723c751e8b465ee728b)  -> (artifact id: 'bceca2033a6f876da1ff20398a855408') in 0.015933 seconds 
========================================================================
Received Import Request.
  Time since last request: 153.506900 seconds.
  path: Assets/Prefab/Core/AiCore.prefab
  artifactKey: Guid(2af09fabaccd1384bbae2879a2a17138) Importer(815301076,1909f56bfc062723c751e8b465ee728b)
Start importing Assets/Prefab/Core/AiCore.prefab using Guid(2af09fabaccd1384bbae2879a2a17138) Importer(815301076,1909f56bfc062723c751e8b465ee728b)  -> (artifact id: '915a6c27a367367ceeee10ae7b5251e9') in 0.014745 seconds 
========================================================================
Received Prepare
Registering precompiled user dll's ...
Registered in 0.004086 seconds.
Begin MonoManager ReloadAssembly
Native extension for WindowsStandalone target not found
Refreshing native plugins compatible for Editor in 0.74 ms, found 2 plugins.
Preloading 0 native plugins for Editor in 0.00 ms.
Mono: successfully reloaded assembly
- Completed reload, in  0.791 seconds
Domain Reload Profiling:
	ReloadAssembly (792ms)
		BeginReloadAssembly (97ms)
			ExecutionOrderSort (0ms)
			DisableScriptedObjects (5ms)
			BackupInstance (0ms)
			ReleaseScriptingObjects (0ms)
			CreateAndSetChildDomain (29ms)
		EndReloadAssembly (631ms)
			LoadAssemblies (58ms)
			RebuildTransferFunctionScriptingTraits (0ms)
			SetupTypeCache (154ms)
				TypeCache.Initialize (147ms)
					TypeCache.ScanAssembly (143ms)
				ResolveRequiredComponents (7ms)
			ReleaseScriptCaches (1ms)
			RebuildScriptCaches (29ms)
			SetupLoadedEditorAssemblies (337ms)
				LogAssemblyErrors (0ms)
				InitializePlatformSupportModulesInManaged (9ms)
				SetLoadedEditorAssemblies (5ms)
				RefreshPlugins (1ms)
				BeforeProcessingInitializeOnLoad (50ms)
				ProcessInitializeOnLoadAttributes (209ms)
				ProcessInitializeOnLoadMethodAttributes (59ms)
				AfterProcessingInitializeOnLoad (5ms)
				EditorAssembliesLoaded (0ms)
			ExecutionOrderSort2 (0ms)
			AwakeInstancesAfterBackupRestoration (7ms)
Platform modules already initialized, skipping
Refreshing native plugins compatible for Editor in 1.20 ms, found 2 plugins.
Preloading 0 native plugins for Editor in 0.00 ms.
Unloading 3871 Unused Serialized files (Serialized files now loaded: 0)
Unloading 22 unused Assets / (310.6 KB). Loaded Objects now: 4537.
Memory consumption went from 0.63 GB to 0.63 GB.
Total: 2.584600 ms (FindLiveObjects: 0.176300 ms CreateObjectMapping: 0.074100 ms MarkObjects: 2.282200 ms  DeleteObjects: 0.051400 ms)

AssetImportParameters requested are different than current active one (requested -> active):
  custom:video-decoder-ogg-theora: a1e56fd34408186e4bbccfd4996cb3dc -> 
  custom:container-muxer-webm: aa71ff27fc2769a1b78a27578f13a17b -> 
  custom:container-demuxer-webm: 4f35f7cbe854078d1ac9338744f61a02 -> 
  custom:video-encoder-webm-vp8: eb34c28f22e8b96e1ab97ce403110664 -> 
  custom:audio-encoder-webm-vorbis: bf7c407c2cedff20999df2af8eb42d56 -> 
  custom:framework-win-MediaFoundation: 216162199b28c13a410421893ffa2e32 -> 
  custom:container-demuxer-ogg: 62fdf1f143b41e24485cea50d1cbac27 -> 
  custom:video-decoder-webm-vp8: 9c59270c3fd7afecdb556c50c9e8de78 -> 
  custom:audio-decoder-ogg-vorbis: bf7c407c2cedff20999df2af8eb42d56 -> 
========================================================================
Received Prepare
Registering precompiled user dll's ...
Registered in 0.003951 seconds.
Begin MonoManager ReloadAssembly
Native extension for WindowsStandalone target not found
Refreshing native plugins compatible for Editor in 0.62 ms, found 2 plugins.
Preloading 0 native plugins for Editor in 0.00 ms.
Mono: successfully reloaded assembly
- Completed reload, in  0.781 seconds
Domain Reload Profiling:
	ReloadAssembly (782ms)
		BeginReloadAssembly (92ms)
			ExecutionOrderSort (0ms)
			DisableScriptedObjects (4ms)
			BackupInstance (0ms)
			ReleaseScriptingObjects (0ms)
			CreateAndSetChildDomain (26ms)
		EndReloadAssembly (623ms)
			LoadAssemblies (56ms)
			RebuildTransferFunctionScriptingTraits (0ms)
			SetupTypeCache (159ms)
				TypeCache.Initialize (152ms)
					TypeCache.ScanAssembly (149ms)
				ResolveRequiredComponents (7ms)
			ReleaseScriptCaches (1ms)
			RebuildScriptCaches (27ms)
			SetupLoadedEditorAssemblies (325ms)
				LogAssemblyErrors (0ms)
				InitializePlatformSupportModulesInManaged (9ms)
				SetLoadedEditorAssemblies (5ms)
				RefreshPlugins (1ms)
				BeforeProcessingInitializeOnLoad (47ms)
				ProcessInitializeOnLoadAttributes (196ms)
				ProcessInitializeOnLoadMethodAttributes (63ms)
				AfterProcessingInitializeOnLoad (5ms)
				EditorAssembliesLoaded (0ms)
			ExecutionOrderSort2 (0ms)
			AwakeInstancesAfterBackupRestoration (8ms)
Platform modules already initialized, skipping
Refreshing native plugins compatible for Editor in 1.23 ms, found 2 plugins.
Preloading 0 native plugins for Editor in 0.00 ms.
Unloading 3871 Unused Serialized files (Serialized files now loaded: 0)
Unloading 21 unused Assets / (309.9 KB). Loaded Objects now: 4541.
Memory consumption went from 0.63 GB to 0.63 GB.
Total: 2.581200 ms (FindLiveObjects: 0.201300 ms CreateObjectMapping: 0.077500 ms MarkObjects: 2.251800 ms  DeleteObjects: 0.049400 ms)

AssetImportParameters requested are different than current active one (requested -> active):
  custom:video-decoder-ogg-theora: a1e56fd34408186e4bbccfd4996cb3dc -> 
  custom:container-muxer-webm: aa71ff27fc2769a1b78a27578f13a17b -> 
  custom:container-demuxer-webm: 4f35f7cbe854078d1ac9338744f61a02 -> 
  custom:video-encoder-webm-vp8: eb34c28f22e8b96e1ab97ce403110664 -> 
  custom:audio-encoder-webm-vorbis: bf7c407c2cedff20999df2af8eb42d56 -> 
  custom:framework-win-MediaFoundation: 216162199b28c13a410421893ffa2e32 -> 
  custom:container-demuxer-ogg: 62fdf1f143b41e24485cea50d1cbac27 -> 
  custom:video-decoder-webm-vp8: 9c59270c3fd7afecdb556c50c9e8de78 -> 
  custom:audio-decoder-ogg-vorbis: bf7c407c2cedff20999df2af8eb42d56 -> 
========================================================================
Received Prepare
Registering precompiled user dll's ...
Registered in 0.003451 seconds.
Begin MonoManager ReloadAssembly
Native extension for WindowsStandalone target not found
Refreshing native plugins compatible for Editor in 0.56 ms, found 2 plugins.
Preloading 0 native plugins for Editor in 0.00 ms.
Mono: successfully reloaded assembly
- Completed reload, in  0.804 seconds
Domain Reload Profiling:
	ReloadAssembly (805ms)
		BeginReloadAssembly (96ms)
			ExecutionOrderSort (0ms)
			DisableScriptedObjects (3ms)
			BackupInstance (0ms)
			ReleaseScriptingObjects (0ms)
			CreateAndSetChildDomain (26ms)
		EndReloadAssembly (645ms)
			LoadAssemblies (64ms)
			RebuildTransferFunctionScriptingTraits (0ms)
			SetupTypeCache (157ms)
				TypeCache.Initialize (149ms)
					TypeCache.ScanAssembly (146ms)
				ResolveRequiredComponents (8ms)
			ReleaseScriptCaches (1ms)
			RebuildScriptCaches (27ms)
			SetupLoadedEditorAssemblies (341ms)
				LogAssemblyErrors (0ms)
				InitializePlatformSupportModulesInManaged (8ms)
				SetLoadedEditorAssemblies (5ms)
				RefreshPlugins (1ms)
				BeforeProcessingInitializeOnLoad (47ms)
				ProcessInitializeOnLoadAttributes (217ms)
				ProcessInitializeOnLoadMethodAttributes (60ms)
				AfterProcessingInitializeOnLoad (4ms)
				EditorAssembliesLoaded (0ms)
			ExecutionOrderSort2 (0ms)
			AwakeInstancesAfterBackupRestoration (7ms)
Platform modules already initialized, skipping
Refreshing native plugins compatible for Editor in 1.21 ms, found 2 plugins.
Preloading 0 native plugins for Editor in 0.00 ms.
Unloading 3871 Unused Serialized files (Serialized files now loaded: 0)
Unloading 21 unused Assets / (309.9 KB). Loaded Objects now: 4545.
Memory consumption went from 0.63 GB to 0.63 GB.
Total: 2.412000 ms (FindLiveObjects: 0.176300 ms CreateObjectMapping: 0.077100 ms MarkObjects: 2.110300 ms  DeleteObjects: 0.047600 ms)

AssetImportParameters requested are different than current active one (requested -> active):
  custom:video-decoder-ogg-theora: a1e56fd34408186e4bbccfd4996cb3dc -> 
  custom:container-muxer-webm: aa71ff27fc2769a1b78a27578f13a17b -> 
  custom:container-demuxer-webm: 4f35f7cbe854078d1ac9338744f61a02 -> 
  custom:video-encoder-webm-vp8: eb34c28f22e8b96e1ab97ce403110664 -> 
  custom:audio-encoder-webm-vorbis: bf7c407c2cedff20999df2af8eb42d56 -> 
  custom:framework-win-MediaFoundation: 216162199b28c13a410421893ffa2e32 -> 
  custom:container-demuxer-ogg: 62fdf1f143b41e24485cea50d1cbac27 -> 
  custom:video-decoder-webm-vp8: 9c59270c3fd7afecdb556c50c9e8de78 -> 
  custom:audio-decoder-ogg-vorbis: bf7c407c2cedff20999df2af8eb42d56 -> 
========================================================================
Received Prepare
Registering precompiled user dll's ...
Registered in 0.003472 seconds.
Begin MonoManager ReloadAssembly
Native extension for WindowsStandalone target not found
Refreshing native plugins compatible for Editor in 0.57 ms, found 2 plugins.
Preloading 0 native plugins for Editor in 0.00 ms.
Mono: successfully reloaded assembly
- Completed reload, in  0.784 seconds
Domain Reload Profiling:
	ReloadAssembly (785ms)
		BeginReloadAssembly (92ms)
			ExecutionOrderSort (0ms)
			DisableScriptedObjects (4ms)
			BackupInstance (0ms)
			ReleaseScriptingObjects (0ms)
			CreateAndSetChildDomain (26ms)
		EndReloadAssembly (626ms)
			LoadAssemblies (58ms)
			RebuildTransferFunctionScriptingTraits (0ms)
			SetupTypeCache (157ms)
				TypeCache.Initialize (149ms)
					TypeCache.ScanAssembly (146ms)
				ResolveRequiredComponents (7ms)
			ReleaseScriptCaches (1ms)
			RebuildScriptCaches (29ms)
			SetupLoadedEditorAssemblies (327ms)
				LogAssemblyErrors (0ms)
				InitializePlatformSupportModulesInManaged (8ms)
				SetLoadedEditorAssemblies (4ms)
				RefreshPlugins (1ms)
				BeforeProcessingInitializeOnLoad (48ms)
				ProcessInitializeOnLoadAttributes (202ms)
				ProcessInitializeOnLoadMethodAttributes (59ms)
				AfterProcessingInitializeOnLoad (4ms)
				EditorAssembliesLoaded (0ms)
			ExecutionOrderSort2 (0ms)
			AwakeInstancesAfterBackupRestoration (7ms)
Platform modules already initialized, skipping
Refreshing native plugins compatible for Editor in 1.09 ms, found 2 plugins.
Preloading 0 native plugins for Editor in 0.00 ms.
Unloading 3871 Unused Serialized files (Serialized files now loaded: 0)
Unloading 21 unused Assets / (309.9 KB). Loaded Objects now: 4549.
Memory consumption went from 0.63 GB to 0.63 GB.
Total: 2.597500 ms (FindLiveObjects: 0.206100 ms CreateObjectMapping: 0.091600 ms MarkObjects: 2.253900 ms  DeleteObjects: 0.045400 ms)

AssetImportParameters requested are different than current active one (requested -> active):
  custom:video-decoder-ogg-theora: a1e56fd34408186e4bbccfd4996cb3dc -> 
  custom:container-muxer-webm: aa71ff27fc2769a1b78a27578f13a17b -> 
  custom:container-demuxer-webm: 4f35f7cbe854078d1ac9338744f61a02 -> 
  custom:video-encoder-webm-vp8: eb34c28f22e8b96e1ab97ce403110664 -> 
  custom:audio-encoder-webm-vorbis: bf7c407c2cedff20999df2af8eb42d56 -> 
  custom:framework-win-MediaFoundation: 216162199b28c13a410421893ffa2e32 -> 
  custom:container-demuxer-ogg: 62fdf1f143b41e24485cea50d1cbac27 -> 
  custom:video-decoder-webm-vp8: 9c59270c3fd7afecdb556c50c9e8de78 -> 
  custom:audio-decoder-ogg-vorbis: bf7c407c2cedff20999df2af8eb42d56 -> 
========================================================================
Received Prepare
Registering precompiled user dll's ...
Registered in 0.003946 seconds.
Begin MonoManager ReloadAssembly
Native extension for WindowsStandalone target not found
Refreshing native plugins compatible for Editor in 0.65 ms, found 2 plugins.
Preloading 0 native plugins for Editor in 0.00 ms.
Mono: successfully reloaded assembly
- Completed reload, in  0.780 seconds
Domain Reload Profiling:
	ReloadAssembly (781ms)
		BeginReloadAssembly (101ms)
			ExecutionOrderSort (0ms)
			DisableScriptedObjects (4ms)
			BackupInstance (0ms)
			ReleaseScriptingObjects (0ms)
			CreateAndSetChildDomain (29ms)
		EndReloadAssembly (611ms)
			LoadAssemblies (62ms)
			RebuildTransferFunctionScriptingTraits (0ms)
			SetupTypeCache (149ms)
				TypeCache.Initialize (141ms)
					TypeCache.ScanAssembly (138ms)
				ResolveRequiredComponents (7ms)
			ReleaseScriptCaches (1ms)
			RebuildScriptCaches (27ms)
			SetupLoadedEditorAssemblies (325ms)
				LogAssemblyErrors (0ms)
				InitializePlatformSupportModulesInManaged (8ms)
				SetLoadedEditorAssemblies (5ms)
				RefreshPlugins (1ms)
				BeforeProcessingInitializeOnLoad (49ms)
				ProcessInitializeOnLoadAttributes (195ms)
				ProcessInitializeOnLoadMethodAttributes (62ms)
				AfterProcessingInitializeOnLoad (5ms)
				EditorAssembliesLoaded (0ms)
			ExecutionOrderSort2 (0ms)
			AwakeInstancesAfterBackupRestoration (7ms)
Platform modules already initialized, skipping
Refreshing native plugins compatible for Editor in 2.01 ms, found 2 plugins.
Preloading 0 native plugins for Editor in 0.00 ms.
Unloading 3871 Unused Serialized files (Serialized files now loaded: 0)
Unloading 21 unused Assets / (309.9 KB). Loaded Objects now: 4553.
Memory consumption went from 0.63 GB to 0.63 GB.
Total: 2.493100 ms (FindLiveObjects: 0.179500 ms CreateObjectMapping: 0.076600 ms MarkObjects: 2.190300 ms  DeleteObjects: 0.046200 ms)

AssetImportParameters requested are different than current active one (requested -> active):
  custom:video-decoder-ogg-theora: a1e56fd34408186e4bbccfd4996cb3dc -> 
  custom:container-muxer-webm: aa71ff27fc2769a1b78a27578f13a17b -> 
  custom:container-demuxer-webm: 4f35f7cbe854078d1ac9338744f61a02 -> 
  custom:video-encoder-webm-vp8: eb34c28f22e8b96e1ab97ce403110664 -> 
  custom:audio-encoder-webm-vorbis: bf7c407c2cedff20999df2af8eb42d56 -> 
  custom:framework-win-MediaFoundation: 216162199b28c13a410421893ffa2e32 -> 
  custom:container-demuxer-ogg: 62fdf1f143b41e24485cea50d1cbac27 -> 
  custom:video-decoder-webm-vp8: 9c59270c3fd7afecdb556c50c9e8de78 -> 
  custom:audio-decoder-ogg-vorbis: bf7c407c2cedff20999df2af8eb42d56 -> 
========================================================================
Received Prepare
Registering precompiled user dll's ...
Registered in 0.003830 seconds.
Begin MonoManager ReloadAssembly
Native extension for WindowsStandalone target not found
Refreshing native plugins compatible for Editor in 0.58 ms, found 2 plugins.
Preloading 0 native plugins for Editor in 0.00 ms.
Mono: successfully reloaded assembly
- Completed reload, in  0.768 seconds
Domain Reload Profiling:
	ReloadAssembly (769ms)
		BeginReloadAssembly (89ms)
			ExecutionOrderSort (0ms)
			DisableScriptedObjects (3ms)
			BackupInstance (0ms)
			ReleaseScriptingObjects (0ms)
			CreateAndSetChildDomain (24ms)
		EndReloadAssembly (610ms)
			LoadAssemblies (56ms)
			RebuildTransferFunctionScriptingTraits (0ms)
			SetupTypeCache (149ms)
				TypeCache.Initialize (142ms)
					TypeCache.ScanAssembly (139ms)
				ResolveRequiredComponents (7ms)
			ReleaseScriptCaches (1ms)
			RebuildScriptCaches (31ms)
			SetupLoadedEditorAssemblies (324ms)
				LogAssemblyErrors (0ms)
				InitializePlatformSupportModulesInManaged (9ms)
				SetLoadedEditorAssemblies (6ms)
				RefreshPlugins (1ms)
				BeforeProcessingInitializeOnLoad (46ms)
				ProcessInitializeOnLoadAttributes (200ms)
				ProcessInitializeOnLoadMethodAttributes (58ms)
				AfterProcessingInitializeOnLoad (4ms)
				EditorAssembliesLoaded (0ms)
			ExecutionOrderSort2 (0ms)
			AwakeInstancesAfterBackupRestoration (7ms)
Platform modules already initialized, skipping
Refreshing native plugins compatible for Editor in 1.22 ms, found 2 plugins.
Preloading 0 native plugins for Editor in 0.00 ms.
Unloading 3871 Unused Serialized files (Serialized files now loaded: 0)
Unloading 21 unused Assets / (309.9 KB). Loaded Objects now: 4557.
Memory consumption went from 0.63 GB to 0.63 GB.
Total: 2.757600 ms (FindLiveObjects: 0.176900 ms CreateObjectMapping: 0.166400 ms MarkObjects: 2.360100 ms  DeleteObjects: 0.053600 ms)

AssetImportParameters requested are different than current active one (requested -> active):
  custom:video-decoder-ogg-theora: a1e56fd34408186e4bbccfd4996cb3dc -> 
  custom:container-muxer-webm: aa71ff27fc2769a1b78a27578f13a17b -> 
  custom:container-demuxer-webm: 4f35f7cbe854078d1ac9338744f61a02 -> 
  custom:video-encoder-webm-vp8: eb34c28f22e8b96e1ab97ce403110664 -> 
  custom:audio-encoder-webm-vorbis: bf7c407c2cedff20999df2af8eb42d56 -> 
  custom:framework-win-MediaFoundation: 216162199b28c13a410421893ffa2e32 -> 
  custom:container-demuxer-ogg: 62fdf1f143b41e24485cea50d1cbac27 -> 
  custom:video-decoder-webm-vp8: 9c59270c3fd7afecdb556c50c9e8de78 -> 
  custom:audio-decoder-ogg-vorbis: bf7c407c2cedff20999df2af8eb42d56 -> 
========================================================================
Received Prepare
Registering precompiled user dll's ...
Registered in 0.003520 seconds.
Begin MonoManager ReloadAssembly
Native extension for WindowsStandalone target not found
Refreshing native plugins compatible for Editor in 0.58 ms, found 2 plugins.
Preloading 0 native plugins for Editor in 0.00 ms.
Mono: successfully reloaded assembly
- Completed reload, in  0.761 seconds
Domain Reload Profiling:
	ReloadAssembly (761ms)
		BeginReloadAssembly (90ms)
			ExecutionOrderSort (0ms)
			DisableScriptedObjects (4ms)
			BackupInstance (0ms)
			ReleaseScriptingObjects (0ms)
			CreateAndSetChildDomain (25ms)
		EndReloadAssembly (601ms)
			LoadAssemblies (56ms)
			RebuildTransferFunctionScriptingTraits (0ms)
			SetupTypeCache (145ms)
				TypeCache.Initialize (138ms)
					TypeCache.ScanAssembly (135ms)
				ResolveRequiredComponents (7ms)
			ReleaseScriptCaches (1ms)
			RebuildScriptCaches (26ms)
			SetupLoadedEditorAssemblies (322ms)
				LogAssemblyErrors (0ms)
				InitializePlatformSupportModulesInManaged (8ms)
				SetLoadedEditorAssemblies (4ms)
				RefreshPlugins (1ms)
				BeforeProcessingInitializeOnLoad (44ms)
				ProcessInitializeOnLoadAttributes (199ms)
				ProcessInitializeOnLoadMethodAttributes (61ms)
				AfterProcessingInitializeOnLoad (4ms)
				EditorAssembliesLoaded (0ms)
			ExecutionOrderSort2 (0ms)
			AwakeInstancesAfterBackupRestoration (9ms)
Platform modules already initialized, skipping
Refreshing native plugins compatible for Editor in 1.22 ms, found 2 plugins.
Preloading 0 native plugins for Editor in 0.00 ms.
Unloading 3871 Unused Serialized files (Serialized files now loaded: 0)
Unloading 21 unused Assets / (309.9 KB). Loaded Objects now: 4561.
Memory consumption went from 0.63 GB to 0.63 GB.
Total: 2.590800 ms (FindLiveObjects: 0.207700 ms CreateObjectMapping: 0.095400 ms MarkObjects: 2.241300 ms  DeleteObjects: 0.045900 ms)

AssetImportParameters requested are different than current active one (requested -> active):
  custom:video-decoder-ogg-theora: a1e56fd34408186e4bbccfd4996cb3dc -> 
  custom:container-muxer-webm: aa71ff27fc2769a1b78a27578f13a17b -> 
  custom:container-demuxer-webm: 4f35f7cbe854078d1ac9338744f61a02 -> 
  custom:video-encoder-webm-vp8: eb34c28f22e8b96e1ab97ce403110664 -> 
  custom:audio-encoder-webm-vorbis: bf7c407c2cedff20999df2af8eb42d56 -> 
  custom:framework-win-MediaFoundation: 216162199b28c13a410421893ffa2e32 -> 
  custom:container-demuxer-ogg: 62fdf1f143b41e24485cea50d1cbac27 -> 
  custom:video-decoder-webm-vp8: 9c59270c3fd7afecdb556c50c9e8de78 -> 
  custom:audio-decoder-ogg-vorbis: bf7c407c2cedff20999df2af8eb42d56 -> 
========================================================================
Received Prepare
Registering precompiled user dll's ...
Registered in 0.004065 seconds.
Begin MonoManager ReloadAssembly
Native extension for WindowsStandalone target not found
Refreshing native plugins compatible for Editor in 1.00 ms, found 2 plugins.
Preloading 0 native plugins for Editor in 0.00 ms.
Mono: successfully reloaded assembly
- Completed reload, in  0.780 seconds
Domain Reload Profiling:
	ReloadAssembly (780ms)
		BeginReloadAssembly (93ms)
			ExecutionOrderSort (0ms)
			DisableScriptedObjects (3ms)
			BackupInstance (0ms)
			ReleaseScriptingObjects (0ms)
			CreateAndSetChildDomain (28ms)
		EndReloadAssembly (619ms)
			LoadAssemblies (58ms)
			RebuildTransferFunctionScriptingTraits (0ms)
			SetupTypeCache (150ms)
				TypeCache.Initialize (143ms)
					TypeCache.ScanAssembly (140ms)
				ResolveRequiredComponents (8ms)
			ReleaseScriptCaches (1ms)
			RebuildScriptCaches (31ms)
			SetupLoadedEditorAssemblies (325ms)
				LogAssemblyErrors (0ms)
				InitializePlatformSupportModulesInManaged (8ms)
				SetLoadedEditorAssemblies (5ms)
				RefreshPlugins (1ms)
				BeforeProcessingInitializeOnLoad (52ms)
				ProcessInitializeOnLoadAttributes (196ms)
				ProcessInitializeOnLoadMethodAttributes (59ms)
				AfterProcessingInitializeOnLoad (4ms)
				EditorAssembliesLoaded (0ms)
			ExecutionOrderSort2 (0ms)
			AwakeInstancesAfterBackupRestoration (8ms)
Platform modules already initialized, skipping
Refreshing native plugins compatible for Editor in 1.23 ms, found 2 plugins.
Preloading 0 native plugins for Editor in 0.00 ms.
Unloading 3871 Unused Serialized files (Serialized files now loaded: 0)
Unloading 21 unused Assets / (309.9 KB). Loaded Objects now: 4565.
Memory consumption went from 0.63 GB to 0.63 GB.
Total: 2.699900 ms (FindLiveObjects: 0.202400 ms CreateObjectMapping: 0.095300 ms MarkObjects: 2.354600 ms  DeleteObjects: 0.046900 ms)

AssetImportParameters requested are different than current active one (requested -> active):
  custom:video-decoder-ogg-theora: a1e56fd34408186e4bbccfd4996cb3dc -> 
  custom:container-muxer-webm: aa71ff27fc2769a1b78a27578f13a17b -> 
  custom:container-demuxer-webm: 4f35f7cbe854078d1ac9338744f61a02 -> 
  custom:video-encoder-webm-vp8: eb34c28f22e8b96e1ab97ce403110664 -> 
  custom:audio-encoder-webm-vorbis: bf7c407c2cedff20999df2af8eb42d56 -> 
  custom:framework-win-MediaFoundation: 216162199b28c13a410421893ffa2e32 -> 
  custom:container-demuxer-ogg: 62fdf1f143b41e24485cea50d1cbac27 -> 
  custom:video-decoder-webm-vp8: 9c59270c3fd7afecdb556c50c9e8de78 -> 
  custom:audio-decoder-ogg-vorbis: bf7c407c2cedff20999df2af8eb42d56 -> 
========================================================================
Received Prepare
Registering precompiled user dll's ...
Registered in 0.003984 seconds.
Begin MonoManager ReloadAssembly
Native extension for WindowsStandalone target not found
Refreshing native plugins compatible for Editor in 0.57 ms, found 2 plugins.
Preloading 0 native plugins for Editor in 0.00 ms.
Mono: successfully reloaded assembly
- Completed reload, in  0.768 seconds
Domain Reload Profiling:
	ReloadAssembly (769ms)
		BeginReloadAssembly (92ms)
			ExecutionOrderSort (0ms)
			DisableScriptedObjects (3ms)
			BackupInstance (0ms)
			ReleaseScriptingObjects (0ms)
			CreateAndSetChildDomain (26ms)
		EndReloadAssembly (613ms)
			LoadAssemblies (58ms)
			RebuildTransferFunctionScriptingTraits (0ms)
			SetupTypeCache (153ms)
				TypeCache.Initialize (146ms)
					TypeCache.ScanAssembly (142ms)
				ResolveRequiredComponents (7ms)
			ReleaseScriptCaches (1ms)
			RebuildScriptCaches (26ms)
			SetupLoadedEditorAssemblies (327ms)
				LogAssemblyErrors (0ms)
				InitializePlatformSupportModulesInManaged (8ms)
				SetLoadedEditorAssemblies (5ms)
				RefreshPlugins (1ms)
				BeforeProcessingInitializeOnLoad (48ms)
				ProcessInitializeOnLoadAttributes (200ms)
				ProcessInitializeOnLoadMethodAttributes (58ms)
				AfterProcessingInitializeOnLoad (6ms)
				EditorAssembliesLoaded (0ms)
			ExecutionOrderSort2 (0ms)
			AwakeInstancesAfterBackupRestoration (8ms)
Platform modules already initialized, skipping
Refreshing native plugins compatible for Editor in 1.52 ms, found 2 plugins.
Preloading 0 native plugins for Editor in 0.00 ms.
Unloading 3871 Unused Serialized files (Serialized files now loaded: 0)
Unloading 21 unused Assets / (309.9 KB). Loaded Objects now: 4569.
Memory consumption went from 0.63 GB to 0.63 GB.
Total: 2.690600 ms (FindLiveObjects: 0.198300 ms CreateObjectMapping: 0.093600 ms MarkObjects: 2.345300 ms  DeleteObjects: 0.052800 ms)

AssetImportParameters requested are different than current active one (requested -> active):
  custom:video-decoder-ogg-theora: a1e56fd34408186e4bbccfd4996cb3dc -> 
  custom:container-muxer-webm: aa71ff27fc2769a1b78a27578f13a17b -> 
  custom:container-demuxer-webm: 4f35f7cbe854078d1ac9338744f61a02 -> 
  custom:video-encoder-webm-vp8: eb34c28f22e8b96e1ab97ce403110664 -> 
  custom:audio-encoder-webm-vorbis: bf7c407c2cedff20999df2af8eb42d56 -> 
  custom:framework-win-MediaFoundation: 216162199b28c13a410421893ffa2e32 -> 
  custom:container-demuxer-ogg: 62fdf1f143b41e24485cea50d1cbac27 -> 
  custom:video-decoder-webm-vp8: 9c59270c3fd7afecdb556c50c9e8de78 -> 
  custom:audio-decoder-ogg-vorbis: bf7c407c2cedff20999df2af8eb42d56 -> 
========================================================================
Received Prepare
Registering precompiled user dll's ...
Registered in 0.004190 seconds.
Begin MonoManager ReloadAssembly
Native extension for WindowsStandalone target not found
Refreshing native plugins compatible for Editor in 0.57 ms, found 2 plugins.
Preloading 0 native plugins for Editor in 0.00 ms.
Mono: successfully reloaded assembly
- Completed reload, in  0.770 seconds
Domain Reload Profiling:
	ReloadAssembly (770ms)
		BeginReloadAssembly (90ms)
			ExecutionOrderSort (0ms)
			DisableScriptedObjects (4ms)
			BackupInstance (0ms)
			ReleaseScriptingObjects (0ms)
			CreateAndSetChildDomain (24ms)
		EndReloadAssembly (616ms)
			LoadAssemblies (60ms)
			RebuildTransferFunctionScriptingTraits (0ms)
			SetupTypeCache (153ms)
				TypeCache.Initialize (146ms)
					TypeCache.ScanAssembly (143ms)
				ResolveRequiredComponents (8ms)
			ReleaseScriptCaches (1ms)
			RebuildScriptCaches (26ms)
			SetupLoadedEditorAssemblies (325ms)
				LogAssemblyErrors (0ms)
				InitializePlatformSupportModulesInManaged (9ms)
				SetLoadedEditorAssemblies (4ms)
				RefreshPlugins (1ms)
				BeforeProcessingInitializeOnLoad (46ms)
				ProcessInitializeOnLoadAttributes (200ms)
				ProcessInitializeOnLoadMethodAttributes (60ms)
				AfterProcessingInitializeOnLoad (5ms)
				EditorAssembliesLoaded (0ms)
			ExecutionOrderSort2 (0ms)
			AwakeInstancesAfterBackupRestoration (8ms)
Platform modules already initialized, skipping
Refreshing native plugins compatible for Editor in 1.17 ms, found 2 plugins.
Preloading 0 native plugins for Editor in 0.00 ms.
Unloading 3871 Unused Serialized files (Serialized files now loaded: 0)
Unloading 21 unused Assets / (309.8 KB). Loaded Objects now: 4573.
Memory consumption went from 0.63 GB to 0.63 GB.
Total: 2.513300 ms (FindLiveObjects: 0.187100 ms CreateObjectMapping: 0.081700 ms MarkObjects: 2.196900 ms  DeleteObjects: 0.047100 ms)

AssetImportParameters requested are different than current active one (requested -> active):
  custom:video-decoder-ogg-theora: a1e56fd34408186e4bbccfd4996cb3dc -> 
  custom:container-muxer-webm: aa71ff27fc2769a1b78a27578f13a17b -> 
  custom:container-demuxer-webm: 4f35f7cbe854078d1ac9338744f61a02 -> 
  custom:video-encoder-webm-vp8: eb34c28f22e8b96e1ab97ce403110664 -> 
  custom:audio-encoder-webm-vorbis: bf7c407c2cedff20999df2af8eb42d56 -> 
  custom:framework-win-MediaFoundation: 216162199b28c13a410421893ffa2e32 -> 
  custom:container-demuxer-ogg: 62fdf1f143b41e24485cea50d1cbac27 -> 
  custom:video-decoder-webm-vp8: 9c59270c3fd7afecdb556c50c9e8de78 -> 
  custom:audio-decoder-ogg-vorbis: bf7c407c2cedff20999df2af8eb42d56 -> 
========================================================================
Received Prepare
Registering precompiled user dll's ...
Registered in 0.003479 seconds.
Begin MonoManager ReloadAssembly
Native extension for WindowsStandalone target not found
Refreshing native plugins compatible for Editor in 0.60 ms, found 2 plugins.
Preloading 0 native plugins for Editor in 0.00 ms.
Mono: successfully reloaded assembly
- Completed reload, in  0.738 seconds
Domain Reload Profiling:
	ReloadAssembly (739ms)
		BeginReloadAssembly (88ms)
			ExecutionOrderSort (0ms)
			DisableScriptedObjects (4ms)
			BackupInstance (0ms)
			ReleaseScriptingObjects (0ms)
			CreateAndSetChildDomain (24ms)
		EndReloadAssembly (586ms)
			LoadAssemblies (58ms)
			RebuildTransferFunctionScriptingTraits (0ms)
			SetupTypeCache (144ms)
				TypeCache.Initialize (137ms)
					TypeCache.ScanAssembly (134ms)
				ResolveRequiredComponents (7ms)
			ReleaseScriptCaches (1ms)
			RebuildScriptCaches (25ms)
			SetupLoadedEditorAssemblies (310ms)
				LogAssemblyErrors (0ms)
				InitializePlatformSupportModulesInManaged (8ms)
				SetLoadedEditorAssemblies (4ms)
				RefreshPlugins (1ms)
				BeforeProcessingInitializeOnLoad (50ms)
				ProcessInitializeOnLoadAttributes (186ms)
				ProcessInitializeOnLoadMethodAttributes (58ms)
				AfterProcessingInitializeOnLoad (4ms)
				EditorAssembliesLoaded (0ms)
			ExecutionOrderSort2 (0ms)
			AwakeInstancesAfterBackupRestoration (7ms)
Platform modules already initialized, skipping
Refreshing native plugins compatible for Editor in 1.20 ms, found 2 plugins.
Preloading 0 native plugins for Editor in 0.00 ms.
Unloading 3871 Unused Serialized files (Serialized files now loaded: 0)
Unloading 21 unused Assets / (309.9 KB). Loaded Objects now: 4577.
Memory consumption went from 0.63 GB to 0.63 GB.
Total: 2.569300 ms (FindLiveObjects: 0.197900 ms CreateObjectMapping: 0.092700 ms MarkObjects: 2.225400 ms  DeleteObjects: 0.052600 ms)

AssetImportParameters requested are different than current active one (requested -> active):
  custom:video-decoder-ogg-theora: a1e56fd34408186e4bbccfd4996cb3dc -> 
  custom:container-muxer-webm: aa71ff27fc2769a1b78a27578f13a17b -> 
  custom:container-demuxer-webm: 4f35f7cbe854078d1ac9338744f61a02 -> 
  custom:video-encoder-webm-vp8: eb34c28f22e8b96e1ab97ce403110664 -> 
  custom:audio-encoder-webm-vorbis: bf7c407c2cedff20999df2af8eb42d56 -> 
  custom:framework-win-MediaFoundation: 216162199b28c13a410421893ffa2e32 -> 
  custom:container-demuxer-ogg: 62fdf1f143b41e24485cea50d1cbac27 -> 
  custom:video-decoder-webm-vp8: 9c59270c3fd7afecdb556c50c9e8de78 -> 
  custom:audio-decoder-ogg-vorbis: bf7c407c2cedff20999df2af8eb42d56 -> 
========================================================================
Received Prepare
Registering precompiled user dll's ...
Registered in 0.003809 seconds.
Begin MonoManager ReloadAssembly
Native extension for WindowsStandalone target not found
Refreshing native plugins compatible for Editor in 0.56 ms, found 2 plugins.
Preloading 0 native plugins for Editor in 0.00 ms.
Mono: successfully reloaded assembly
- Completed reload, in  0.753 seconds
Domain Reload Profiling:
	ReloadAssembly (754ms)
		BeginReloadAssembly (90ms)
			ExecutionOrderSort (0ms)
			DisableScriptedObjects (4ms)
			BackupInstance (0ms)
			ReleaseScriptingObjects (0ms)
			CreateAndSetChildDomain (24ms)
		EndReloadAssembly (599ms)
			LoadAssemblies (56ms)
			RebuildTransferFunctionScriptingTraits (0ms)
			SetupTypeCache (154ms)
				TypeCache.Initialize (147ms)
					TypeCache.ScanAssembly (143ms)
				ResolveRequiredComponents (7ms)
			ReleaseScriptCaches (1ms)
			RebuildScriptCaches (26ms)
			SetupLoadedEditorAssemblies (313ms)
				LogAssemblyErrors (0ms)
				InitializePlatformSupportModulesInManaged (8ms)
				SetLoadedEditorAssemblies (4ms)
				RefreshPlugins (1ms)
				BeforeProcessingInitializeOnLoad (45ms)
				ProcessInitializeOnLoadAttributes (193ms)
				ProcessInitializeOnLoadMethodAttributes (58ms)
				AfterProcessingInitializeOnLoad (5ms)
				EditorAssembliesLoaded (0ms)
			ExecutionOrderSort2 (0ms)
			AwakeInstancesAfterBackupRestoration (7ms)
Platform modules already initialized, skipping
Refreshing native plugins compatible for Editor in 1.27 ms, found 2 plugins.
Preloading 0 native plugins for Editor in 0.00 ms.
Unloading 3871 Unused Serialized files (Serialized files now loaded: 0)
Unloading 21 unused Assets / (309.9 KB). Loaded Objects now: 4581.
Memory consumption went from 0.63 GB to 0.63 GB.
Total: 2.614300 ms (FindLiveObjects: 0.182700 ms CreateObjectMapping: 0.075400 ms MarkObjects: 2.306400 ms  DeleteObjects: 0.049100 ms)

AssetImportParameters requested are different than current active one (requested -> active):
  custom:video-decoder-ogg-theora: a1e56fd34408186e4bbccfd4996cb3dc -> 
  custom:container-muxer-webm: aa71ff27fc2769a1b78a27578f13a17b -> 
  custom:container-demuxer-webm: 4f35f7cbe854078d1ac9338744f61a02 -> 
  custom:video-encoder-webm-vp8: eb34c28f22e8b96e1ab97ce403110664 -> 
  custom:audio-encoder-webm-vorbis: bf7c407c2cedff20999df2af8eb42d56 -> 
  custom:framework-win-MediaFoundation: 216162199b28c13a410421893ffa2e32 -> 
  custom:container-demuxer-ogg: 62fdf1f143b41e24485cea50d1cbac27 -> 
  custom:video-decoder-webm-vp8: 9c59270c3fd7afecdb556c50c9e8de78 -> 
  custom:audio-decoder-ogg-vorbis: bf7c407c2cedff20999df2af8eb42d56 -> 
========================================================================
Received Import Request.
  Time since last request: 12409.306716 seconds.
  path: Assets/Prefab/Core/AiCore.prefab
  artifactKey: Guid(2af09fabaccd1384bbae2879a2a17138) Importer(815301076,1909f56bfc062723c751e8b465ee728b)
Start importing Assets/Prefab/Core/AiCore.prefab using Guid(2af09fabaccd1384bbae2879a2a17138) Importer(815301076,1909f56bfc062723c751e8b465ee728b)  -> (artifact id: 'ea8aa1c872479b7089337d2eff638451') in 0.050648 seconds 
========================================================================
Received Import Request.
  Time since last request: 12.289755 seconds.
  path: Assets/Shaders
  artifactKey: Guid(35f62c8448af0ab42bbcf7651bc2969a) Importer(815301076,1909f56bfc062723c751e8b465ee728b)
Start importing Assets/Shaders using Guid(35f62c8448af0ab42bbcf7651bc2969a) Importer(815301076,1909f56bfc062723c751e8b465ee728b)  -> (artifact id: '9824f6bb45050d419416f18d82bdcba0') in 0.003810 seconds 
